<?xml version="1.0" encoding="UTF-8"?>
<testsuite name="SimpleTests" tests="4" skipped="0" failures="0" errors="0" timestamp="2022-12-13T13:52:33" hostname="LAPTOP-UAU7LRHU" time="0.113">
  <properties/>
  <testcase name="[1] true, true" classname="SimpleTests" time="0.071"/>
  <testcase name="[2] false, false" classname="SimpleTests" time="0.007"/>
  <testcase name="[1] java.awt.Color[r=255,g=255,b=255], java.awt.Color[r=255,g=255,b=255]" classname="SimpleTests" time="0.001"/>
  <testcase name="[2] java.awt.Color[r=255,g=0,b=0], java.awt.Color[r=255,g=0,b=0]" classname="SimpleTests" time="0.002"/>
  <system-out><![CDATA[]]></system-out>
  <system-err><![CDATA[]]></system-err>
</testsuite>
