<?xml version="1.0" encoding="UTF-8"?>
<testsuite name="SimpleTests" tests="2" skipped="0" failures="0" errors="0" timestamp="2022-12-13T13:18:14" hostname="LAPTOP-UAU7LRHU" time="0.166">
  <properties/>
  <testcase name="[1] true, true" classname="SimpleTests" time="0.107"/>
  <testcase name="[2] false, false" classname="SimpleTests" time="0.007"/>
  <system-out><![CDATA[]]></system-out>
  <system-err><![CDATA[]]></system-err>
</testsuite>
